# JRE version: OpenJDK Runtime Environment Temurin-17.0.4.1+1 (17.0.4.1+1) (build 17.0.4.1+1)
# Java VM: OpenJDK 64-Bit Server VM Temurin-17.0.4.1+1 (17.0.4.1+1, mixed mode, tiered, compressed oops, compressed class ptrs, parallel gc, windows-amd64)
GC Precious Log:
 CPUs: 4 total, 4 available
 Memory: 3858M
 Large Page Support: Disabled
 NUMA Support: Disabled
 Compressed Oops: Enabled (32-bit)
 Alignments: Space 512K, Generation 512K, Heap 2M
 Heap Min Capacity: 100M
 Heap Initial Capacity: 100M
 Heap Max Capacity: 1G
 Pre-touch: Disabled
 Parallel Workers: 4
Heap:
 PSYoungGen      total 22528K, used 5271K [0x00000000eab00000, 0x00000000ed880000, 0x0000000100000000)
  eden space 22016K, 21% used [0x00000000eab00000,0x00000000eafa8c78,0x00000000ec080000)
  from space 512K, 97% used [0x00000000ed800000,0x00000000ed87d088,0x00000000ed880000)
  to   space 2048K, 0% used [0x00000000ed480000,0x00000000ed480000,0x00000000ed680000)
 ParOldGen       total 68608K, used 13897K [0x00000000c0000000, 0x00000000c4300000, 0x00000000eab00000)
  object space 68608K, 20% used [0x00000000c0000000,0x00000000c0d92680,0x00000000c4300000)
 Metaspace       used 42530K, committed 43200K, reserved 1089536K
  class space    used 4538K, committed 4800K, reserved 1048576K
GC Heap History (20 events):
Event: 28.877 GC heap before
{Heap before GC invocations=6 (full 1):
 PSYoungGen      total 29696K, used 25600K [0x00000000eab00000, 0x00000000ee180000, 0x0000000100000000)
  eden space 25600K, 100% used [0x00000000eab00000,0x00000000ec400000,0x00000000ec400000)
  from space 4096K, 0% used [0x00000000edd80000,0x00000000edd80000,0x00000000ee180000)
  to   space 4096K, 0% used [0x00000000ec400000,0x00000000ec400000,0x00000000ec800000)
 ParOldGen       total 68608K, used 7916K [0x00000000c0000000, 0x00000000c4300000, 0x00000000eab00000)
  object space 68608K, 11% used [0x00000000c0000000,0x00000000c07bb3c0,0x00000000c4300000)
 Metaspace       used 22245K, committed 22720K, reserved 1073152K
  class space    used 2263K, committed 2496K, reserved 1048576K
}
Event: 28.879 GC heap after
{Heap after GC invocations=6 (full 1):
 PSYoungGen      total 29184K, used 1066K [0x00000000eab00000, 0x00000000ede00000, 0x0000000100000000)
  eden space 25088K, 0% used [0x00000000eab00000,0x00000000eab00000,0x00000000ec380000)
  from space 4096K, 26% used [0x00000000ec400000,0x00000000ec50aa98,0x00000000ec800000)
  to   space 2560K, 0% used [0x00000000edb80000,0x00000000edb80000,0x00000000ede00000)
 ParOldGen       total 68608K, used 7924K [0x00000000c0000000, 0x00000000c4300000, 0x00000000eab00000)
  object space 68608K, 11% used [0x00000000c0000000,0x00000000c07bd3c0,0x00000000c4300000)
 Metaspace       used 22245K, committed 22720K, reserved 1073152K
  class space    used 2263K, committed 2496K, reserved 1048576K
}
Event: 30.148 GC heap before
{Heap before GC invocations=7 (full 1):
 PSYoungGen      total 29184K, used 26154K [0x00000000eab00000, 0x00000000ede00000, 0x0000000100000000)
  eden space 25088K, 100% used [0x00000000eab00000,0x00000000ec380000,0x00000000ec380000)
  from space 4096K, 26% used [0x00000000ec400000,0x00000000ec50aa98,0x00000000ec800000)
  to   space 2560K, 0% used [0x00000000edb80000,0x00000000edb80000,0x00000000ede00000)
 ParOldGen       total 68608K, used 7924K [0x00000000c0000000, 0x00000000c4300000, 0x00000000eab00000)
  object space 68608K, 11% used [0x00000000c0000000,0x00000000c07bd3c0,0x00000000c4300000)
 Metaspace       used 24341K, committed 24832K, reserved 1073152K
  class space    used 2483K, committed 2688K, reserved 1048576K
}
Event: 30.150 GC heap after
{Heap after GC invocations=7 (full 1):
 PSYoungGen      total 27136K, used 2536K [0x00000000eab00000, 0x00000000ede00000, 0x0000000100000000)
  eden space 24576K, 0% used [0x00000000eab00000,0x00000000eab00000,0x00000000ec300000)
  from space 2560K, 99% used [0x00000000edb80000,0x00000000eddfa2a0,0x00000000ede00000)
  to   space 3072K, 0% used [0x00000000ed800000,0x00000000ed800000,0x00000000edb00000)
 ParOldGen       total 68608K, used 8004K [0x00000000c0000000, 0x00000000c4300000, 0x00000000eab00000)
  object space 68608K, 11% used [0x00000000c0000000,0x00000000c07d13c0,0x00000000c4300000)
 Metaspace       used 24341K, committed 24832K, reserved 1073152K
  class space    used 2483K, committed 2688K, reserved 1048576K
}
Event: 30.802 GC heap before
{Heap before GC invocations=8 (full 1):
 PSYoungGen      total 27136K, used 27112K [0x00000000eab00000, 0x00000000ede00000, 0x0000000100000000)
  eden space 24576K, 100% used [0x00000000eab00000,0x00000000ec300000,0x00000000ec300000)
  from space 2560K, 99% used [0x00000000edb80000,0x00000000eddfa2a0,0x00000000ede00000)
  to   space 3072K, 0% used [0x00000000ed800000,0x00000000ed800000,0x00000000edb00000)
 ParOldGen       total 68608K, used 8004K [0x00000000c0000000, 0x00000000c4300000, 0x00000000eab00000)
  object space 68608K, 11% used [0x00000000c0000000,0x00000000c07d13c0,0x00000000c4300000)
 Metaspace       used 27292K, committed 27776K, reserved 1081344K
  class space    used 2692K, committed 2880K, reserved 1048576K
}
Event: 30.804 GC heap after
{Heap after GC invocations=8 (full 1):
 PSYoungGen      total 26112K, used 1933K [0x00000000eab00000, 0x00000000edc00000, 0x0000000100000000)
  eden space 24064K, 0% used [0x00000000eab00000,0x00000000eab00000,0x00000000ec280000)
  from space 2048K, 94% used [0x00000000ed800000,0x00000000ed9e3778,0x00000000eda00000)
  to   space 2048K, 0% used [0x00000000eda00000,0x00000000eda00000,0x00000000edc00000)
 ParOldGen       total 68608K, used 8012K [0x00000000c0000000, 0x00000000c4300000, 0x00000000eab00000)
  object space 68608K, 11% used [0x00000000c0000000,0x00000000c07d33c0,0x00000000c4300000)
 Metaspace       used 27292K, committed 27776K, reserved 1081344K
  class space    used 2692K, committed 2880K, reserved 1048576K
}
Event: 31.024 GC heap before
{Heap before GC invocations=9 (full 1):
 PSYoungGen      total 26112K, used 25997K [0x00000000eab00000, 0x00000000edc00000, 0x0000000100000000)
  eden space 24064K, 100% used [0x00000000eab00000,0x00000000ec280000,0x00000000ec280000)
  from space 2048K, 94% used [0x00000000ed800000,0x00000000ed9e3778,0x00000000eda00000)
  to   space 2048K, 0% used [0x00000000eda00000,0x00000000eda00000,0x00000000edc00000)
 ParOldGen       total 68608K, used 8012K [0x00000000c0000000, 0x00000000c4300000, 0x00000000eab00000)
  object space 68608K, 11% used [0x00000000c0000000,0x00000000c07d33c0,0x00000000c4300000)
 Metaspace       used 29250K, committed 29696K, reserved 1081344K
  class space    used 2867K, committed 3072K, reserved 1048576K
}
Event: 31.026 GC heap after
{Heap after GC invocations=9 (full 1):
 PSYoungGen      total 25600K, used 2019K [0x00000000eab00000, 0x00000000edc00000, 0x0000000100000000)
  eden space 23552K, 0% used [0x00000000eab00000,0x00000000eab00000,0x00000000ec200000)
  from space 2048K, 98% used [0x00000000eda00000,0x00000000edbf8c08,0x00000000edc00000)
  to   space 2560K, 0% used [0x00000000ed700000,0x00000000ed700000,0x00000000ed980000)
 ParOldGen       total 68608K, used 8140K [0x00000000c0000000, 0x00000000c4300000, 0x00000000eab00000)
  object space 68608K, 11% used [0x00000000c0000000,0x00000000c07f33d0,0x00000000c4300000)
 Metaspace       used 29250K, committed 29696K, reserved 1081344K
  class space    used 2867K, committed 3072K, reserved 1048576K
}
Event: 32.808 GC heap before
{Heap before GC invocations=10 (full 1):
 PSYoungGen      total 25600K, used 25571K [0x00000000eab00000, 0x00000000edc00000, 0x0000000100000000)
  eden space 23552K, 100% used [0x00000000eab00000,0x00000000ec200000,0x00000000ec200000)
  from space 2048K, 98% used [0x00000000eda00000,0x00000000edbf8c08,0x00000000edc00000)
  to   space 2560K, 0% used [0x00000000ed700000,0x00000000ed700000,0x00000000ed980000)
 ParOldGen       total 68608K, used 8140K [0x00000000c0000000, 0x00000000c4300000, 0x00000000eab00000)
  object space 68608K, 11% used [0x00000000c0000000,0x00000000c07f33d0,0x00000000c4300000)
 Metaspace       used 33033K, committed 33600K, reserved 1081344K
  class space    used 3327K, committed 3584K, reserved 1048576K
}
Event: 32.810 GC heap after
{Heap after GC invocations=10 (full 1):
 PSYoungGen      total 25088K, used 1836K [0x00000000eab00000, 0x00000000eda80000, 0x0000000100000000)
  eden space 23040K, 0% used [0x00000000eab00000,0x00000000eab00000,0x00000000ec180000)
  from space 2048K, 89% used [0x00000000ed700000,0x00000000ed8cb3f0,0x00000000ed900000)
  to   space 1536K, 0% used [0x00000000ed900000,0x00000000ed900000,0x00000000eda80000)
 ParOldGen       total 68608K, used 9706K [0x00000000c0000000, 0x00000000c4300000, 0x00000000eab00000)
  object space 68608K, 14% used [0x00000000c0000000,0x00000000c097aae8,0x00000000c4300000)
 Metaspace       used 33033K, committed 33600K, reserved 1081344K
  class space    used 3327K, committed 3584K, reserved 1048576K
}
Event: 33.238 GC heap before
{Heap before GC invocations=11 (full 1):
 PSYoungGen      total 25088K, used 24876K [0x00000000eab00000, 0x00000000eda80000, 0x0000000100000000)
  eden space 23040K, 100% used [0x00000000eab00000,0x00000000ec180000,0x00000000ec180000)
  from space 2048K, 89% used [0x00000000ed700000,0x00000000ed8cb3f0,0x00000000ed900000)
  to   space 1536K, 0% used [0x00000000ed900000,0x00000000ed900000,0x00000000eda80000)
 ParOldGen       total 68608K, used 9706K [0x00000000c0000000, 0x00000000c4300000, 0x00000000eab00000)
  object space 68608K, 14% used [0x00000000c0000000,0x00000000c097aae8,0x00000000c4300000)
 Metaspace       used 35056K, committed 35712K, reserved 1081344K
  class space    used 3596K, committed 3904K, reserved 1048576K
}
Event: 33.241 GC heap after
{Heap after GC invocations=11 (full 1):
 PSYoungGen      total 24064K, used 1521K [0x00000000eab00000, 0x00000000eda80000, 0x0000000100000000)
  eden space 22528K, 0% used [0x00000000eab00000,0x00000000eab00000,0x00000000ec100000)
  from space 1536K, 99% used [0x00000000ed900000,0x00000000eda7c4b8,0x00000000eda80000)
  to   space 2560K, 0% used [0x00000000ed580000,0x00000000ed580000,0x00000000ed800000)
 ParOldGen       total 68608K, used 10614K [0x00000000c0000000, 0x00000000c4300000, 0x00000000eab00000)
  object space 68608K, 15% used [0x00000000c0000000,0x00000000c0a5d920,0x00000000c4300000)
 Metaspace       used 35056K, committed 35712K, reserved 1081344K
  class space    used 3596K, committed 3904K, reserved 1048576K
}
Event: 33.258 GC heap before
{Heap before GC invocations=12 (full 1):
 PSYoungGen      total 24064K, used 3677K [0x00000000eab00000, 0x00000000eda80000, 0x0000000100000000)
  eden space 22528K, 9% used [0x00000000eab00000,0x00000000ead1aff8,0x00000000ec100000)
  from space 1536K, 99% used [0x00000000ed900000,0x00000000eda7c4b8,0x00000000eda80000)
  to   space 2560K, 0% used [0x00000000ed580000,0x00000000ed580000,0x00000000ed800000)
 ParOldGen       total 68608K, used 10614K [0x00000000c0000000, 0x00000000c4300000, 0x00000000eab00000)
  object space 68608K, 15% used [0x00000000c0000000,0x00000000c0a5d920,0x00000000c4300000)
 Metaspace       used 35291K, committed 35840K, reserved 1081344K
  class space    used 3629K, committed 3904K, reserved 1048576K
}
Event: 33.260 GC heap after
{Heap after GC invocations=12 (full 1):
 PSYoungGen      total 25088K, used 239K [0x00000000eab00000, 0x00000000ed980000, 0x0000000100000000)
  eden space 22528K, 0% used [0x00000000eab00000,0x00000000eab00000,0x00000000ec100000)
  from space 2560K, 9% used [0x00000000ed580000,0x00000000ed5bbf00,0x00000000ed800000)
  to   space 1536K, 0% used [0x00000000ed800000,0x00000000ed800000,0x00000000ed980000)
 ParOldGen       total 68608K, used 12114K [0x00000000c0000000, 0x00000000c4300000, 0x00000000eab00000)
  object space 68608K, 17% used [0x00000000c0000000,0x00000000c0bd4818,0x00000000c4300000)
 Metaspace       used 35291K, committed 35840K, reserved 1081344K
  class space    used 3629K, committed 3904K, reserved 1048576K
}
Event: 33.260 GC heap before
{Heap before GC invocations=13 (full 2):
 PSYoungGen      total 25088K, used 239K [0x00000000eab00000, 0x00000000ed980000, 0x0000000100000000)
  eden space 22528K, 0% used [0x00000000eab00000,0x00000000eab00000,0x00000000ec100000)
  from space 2560K, 9% used [0x00000000ed580000,0x00000000ed5bbf00,0x00000000ed800000)
  to   space 1536K, 0% used [0x00000000ed800000,0x00000000ed800000,0x00000000ed980000)
 ParOldGen       total 68608K, used 12114K [0x00000000c0000000, 0x00000000c4300000, 0x00000000eab00000)
  object space 68608K, 17% used [0x00000000c0000000,0x00000000c0bd4818,0x00000000c4300000)
 Metaspace       used 35291K, committed 35840K, reserved 1081344K
  class space    used 3629K, committed 3904K, reserved 1048576K
}
Event: 33.280 GC heap after
{Heap after GC invocations=13 (full 2):
 PSYoungGen      total 25088K, used 0K [0x00000000eab00000, 0x00000000ed980000, 0x0000000100000000)
  eden space 22528K, 0% used [0x00000000eab00000,0x00000000eab00000,0x00000000ec100000)
  from space 2560K, 0% used [0x00000000ed580000,0x00000000ed580000,0x00000000ed800000)
  to   space 1536K, 0% used [0x00000000ed800000,0x00000000ed800000,0x00000000ed980000)
 ParOldGen       total 68608K, used 11958K [0x00000000c0000000, 0x00000000c4300000, 0x00000000eab00000)
  object space 68608K, 17% used [0x00000000c0000000,0x00000000c0badbc0,0x00000000c4300000)
 Metaspace       used 35291K, committed 35840K, reserved 1081344K
  class space    used 3629K, committed 3904K, reserved 1048576K
}
Event: 33.802 GC heap before
{Heap before GC invocations=14 (full 2):
 PSYoungGen      total 25088K, used 22528K [0x00000000eab00000, 0x00000000ed980000, 0x0000000100000000)
  eden space 22528K, 100% used [0x00000000eab00000,0x00000000ec100000,0x00000000ec100000)
  from space 2560K, 0% used [0x00000000ed580000,0x00000000ed580000,0x00000000ed800000)
  to   space 1536K, 0% used [0x00000000ed800000,0x00000000ed800000,0x00000000ed980000)
 ParOldGen       total 68608K, used 11958K [0x00000000c0000000, 0x00000000c4300000, 0x00000000eab00000)
  object space 68608K, 17% used [0x00000000c0000000,0x00000000c0badbc0,0x00000000c4300000)
 Metaspace       used 37373K, committed 37952K, reserved 1089536K
  class space    used 3881K, committed 4160K, reserved 1048576K
}
Event: 33.803 GC heap after
{Heap after GC invocations=14 (full 2):
 PSYoungGen      total 23040K, used 672K [0x00000000eab00000, 0x00000000ed900000, 0x0000000100000000)
  eden space 22016K, 0% used [0x00000000eab00000,0x00000000eab00000,0x00000000ec080000)
  from space 1024K, 65% used [0x00000000ed800000,0x00000000ed8a8000,0x00000000ed900000)
  to   space 1024K, 0% used [0x00000000ed700000,0x00000000ed700000,0x00000000ed800000)
 ParOldGen       total 68608K, used 11966K [0x00000000c0000000, 0x00000000c4300000, 0x00000000eab00000)
  object space 68608K, 17% used [0x00000000c0000000,0x00000000c0bafbc0,0x00000000c4300000)
 Metaspace       used 37373K, committed 37952K, reserved 1089536K
  class space    used 3881K, committed 4160K, reserved 1048576K
}
Event: 34.292 GC heap before
{Heap before GC invocations=15 (full 2):
 PSYoungGen      total 23040K, used 22688K [0x00000000eab00000, 0x00000000ed900000, 0x0000000100000000)
  eden space 22016K, 100% used [0x00000000eab00000,0x00000000ec080000,0x00000000ec080000)
  from space 1024K, 65% used [0x00000000ed800000,0x00000000ed8a8000,0x00000000ed900000)
  to   space 1024K, 0% used [0x00000000ed700000,0x00000000ed700000,0x00000000ed800000)
 ParOldGen       total 68608K, used 11966K [0x00000000c0000000, 0x00000000c4300000, 0x00000000eab00000)
  object space 68608K, 17% used [0x00000000c0000000,0x00000000c0bafbc0,0x00000000c4300000)
 Metaspace       used 39587K, committed 40256K, reserved 1089536K
  class space    used 4174K, committed 4480K, reserved 1048576K
}
Event: 34.295 GC heap after
{Heap after GC invocations=15 (full 2):
 PSYoungGen      total 23040K, used 1010K [0x00000000eab00000, 0x00000000ed880000, 0x0000000100000000)
  eden space 22016K, 0% used [0x00000000eab00000,0x00000000eab00000,0x00000000ec080000)
  from space 1024K, 98% used [0x00000000ed700000,0x00000000ed7fc8a0,0x00000000ed800000)
  to   space 512K, 0% used [0x00000000ed800000,0x00000000ed800000,0x00000000ed880000)
 ParOldGen       total 68608K, used 12720K [0x00000000c0000000, 0x00000000c4300000, 0x00000000eab00000)
  object space 68608K, 18% used [0x00000000c0000000,0x00000000c0c6c2a8,0x00000000c4300000)
 Metaspace       used 39587K, committed 40256K, reserved 1089536K
  class space    used 4174K, committed 4480K, reserved 1048576K
}

