# JRE version: OpenJDK Runtime Environment Temurin-17.0.4.1+1 (17.0.4.1+1) (build 17.0.4.1+1)
# Java VM: OpenJDK 64-Bit Server VM Temurin-17.0.4.1+1 (17.0.4.1+1, mixed mode, tiered, compressed oops, compressed class ptrs, parallel gc, windows-amd64)
GC Precious Log:
 CPUs: 4 total, 4 available
 Memory: 3858M
 Large Page Support: Disabled
 NUMA Support: Disabled
 Compressed Oops: Enabled (32-bit)
 Alignments: Space 512K, Generation 512K, Heap 2M
 Heap Min Capacity: 100M
 Heap Initial Capacity: 100M
 Heap Max Capacity: 1G
 Pre-touch: Disabled
 Parallel Workers: 4
Heap:
 PSYoungGen      total 23040K, used 8176K [0x00000000eab00000, 0x00000000ec500000, 0x0000000100000000)
  eden space 22016K, 32% used [0x00000000eab00000,0x00000000eb1ffaf0,0x00000000ec080000)
  from space 1024K, 98% used [0x00000000ec400000,0x00000000ec4fc8a0,0x00000000ec500000)
  to   space 2048K, 0% used [0x00000000ec100000,0x00000000ec100000,0x00000000ec300000)
 ParOldGen       total 68608K, used 13688K [0x00000000c0000000, 0x00000000c4300000, 0x00000000eab00000)
  object space 68608K, 19% used [0x00000000c0000000,0x00000000c0d5e2e0,0x00000000c4300000)
 Metaspace       used 43808K, committed 44544K, reserved 1089536K
  class space    used 4685K, committed 5056K, reserved 1048576K
GC Heap History (20 events):
Event: 19.053 GC heap before
{Heap before GC invocations=7 (full 1):
 PSYoungGen      total 26624K, used 26298K [0x00000000eab00000, 0x00000000ec880000, 0x0000000100000000)
  eden space 25088K, 100% used [0x00000000eab00000,0x00000000ec380000,0x00000000ec380000)
  from space 1536K, 78% used [0x00000000ec400000,0x00000000ec52eaa8,0x00000000ec580000)
  to   space 2560K, 0% used [0x00000000ec600000,0x00000000ec600000,0x00000000ec880000)
 ParOldGen       total 68608K, used 7927K [0x00000000c0000000, 0x00000000c4300000, 0x00000000eab00000)
  object space 68608K, 11% used [0x00000000c0000000,0x00000000c07bdcc8,0x00000000c4300000)
 Metaspace       used 24135K, committed 24640K, reserved 1073152K
  class space    used 2473K, committed 2688K, reserved 1048576K
}
Event: 19.054 GC heap after
{Heap after GC invocations=7 (full 1):
 PSYoungGen      total 26624K, used 1808K [0x00000000eab00000, 0x00000000ec800000, 0x0000000100000000)
  eden space 24576K, 0% used [0x00000000eab00000,0x00000000eab00000,0x00000000ec300000)
  from space 2048K, 88% used [0x00000000ec600000,0x00000000ec7c40e0,0x00000000ec800000)
  to   space 2048K, 0% used [0x00000000ec400000,0x00000000ec400000,0x00000000ec600000)
 ParOldGen       total 68608K, used 7935K [0x00000000c0000000, 0x00000000c4300000, 0x00000000eab00000)
  object space 68608K, 11% used [0x00000000c0000000,0x00000000c07bfcc8,0x00000000c4300000)
 Metaspace       used 24135K, committed 24640K, reserved 1073152K
  class space    used 2473K, committed 2688K, reserved 1048576K
}
Event: 19.708 GC heap before
{Heap before GC invocations=8 (full 1):
 PSYoungGen      total 26624K, used 26384K [0x00000000eab00000, 0x00000000ec800000, 0x0000000100000000)
  eden space 24576K, 100% used [0x00000000eab00000,0x00000000ec300000,0x00000000ec300000)
  from space 2048K, 88% used [0x00000000ec600000,0x00000000ec7c40e0,0x00000000ec800000)
  to   space 2048K, 0% used [0x00000000ec400000,0x00000000ec400000,0x00000000ec600000)
 ParOldGen       total 68608K, used 7935K [0x00000000c0000000, 0x00000000c4300000, 0x00000000eab00000)
  object space 68608K, 11% used [0x00000000c0000000,0x00000000c07bfcc8,0x00000000c4300000)
 Metaspace       used 26393K, committed 26816K, reserved 1073152K
  class space    used 2643K, committed 2816K, reserved 1048576K
}
Event: 19.709 GC heap after
{Heap after GC invocations=8 (full 1):
 PSYoungGen      total 26112K, used 1918K [0x00000000eab00000, 0x00000000ec680000, 0x0000000100000000)
  eden space 24064K, 0% used [0x00000000eab00000,0x00000000eab00000,0x00000000ec280000)
  from space 2048K, 93% used [0x00000000ec400000,0x00000000ec5df860,0x00000000ec600000)
  to   space 512K, 0% used [0x00000000ec600000,0x00000000ec600000,0x00000000ec680000)
 ParOldGen       total 68608K, used 7943K [0x00000000c0000000, 0x00000000c4300000, 0x00000000eab00000)
  object space 68608K, 11% used [0x00000000c0000000,0x00000000c07c1cc8,0x00000000c4300000)
 Metaspace       used 26393K, committed 26816K, reserved 1073152K
  class space    used 2643K, committed 2816K, reserved 1048576K
}
Event: 20.268 GC heap before
{Heap before GC invocations=9 (full 1):
 PSYoungGen      total 26112K, used 25982K [0x00000000eab00000, 0x00000000ec680000, 0x0000000100000000)
  eden space 24064K, 100% used [0x00000000eab00000,0x00000000ec280000,0x00000000ec280000)
  from space 2048K, 93% used [0x00000000ec400000,0x00000000ec5df860,0x00000000ec600000)
  to   space 512K, 0% used [0x00000000ec600000,0x00000000ec600000,0x00000000ec680000)
 ParOldGen       total 68608K, used 7943K [0x00000000c0000000, 0x00000000c4300000, 0x00000000eab00000)
  object space 68608K, 11% used [0x00000000c0000000,0x00000000c07c1cc8,0x00000000c4300000)
 Metaspace       used 30425K, committed 30976K, reserved 1081344K
  class space    used 3025K, committed 3264K, reserved 1048576K
}
Event: 20.270 GC heap after
{Heap after GC invocations=9 (full 1):
 PSYoungGen      total 24064K, used 502K [0x00000000eab00000, 0x00000000ec700000, 0x0000000100000000)
  eden space 23552K, 0% used [0x00000000eab00000,0x00000000eab00000,0x00000000ec200000)
  from space 512K, 98% used [0x00000000ec600000,0x00000000ec67da88,0x00000000ec680000)
  to   space 2560K, 0% used [0x00000000ec200000,0x00000000ec200000,0x00000000ec480000)
 ParOldGen       total 68608K, used 9785K [0x00000000c0000000, 0x00000000c4300000, 0x00000000eab00000)
  object space 68608K, 14% used [0x00000000c0000000,0x00000000c098e580,0x00000000c4300000)
 Metaspace       used 30425K, committed 30976K, reserved 1081344K
  class space    used 3025K, committed 3264K, reserved 1048576K
}
Event: 21.133 GC heap before
{Heap before GC invocations=10 (full 1):
 PSYoungGen      total 24064K, used 24054K [0x00000000eab00000, 0x00000000ec700000, 0x0000000100000000)
  eden space 23552K, 99% used [0x00000000eab00000,0x00000000ec1ffff0,0x00000000ec200000)
  from space 512K, 98% used [0x00000000ec600000,0x00000000ec67da88,0x00000000ec680000)
  to   space 2560K, 0% used [0x00000000ec200000,0x00000000ec200000,0x00000000ec480000)
 ParOldGen       total 68608K, used 9785K [0x00000000c0000000, 0x00000000c4300000, 0x00000000eab00000)
  object space 68608K, 14% used [0x00000000c0000000,0x00000000c098e580,0x00000000c4300000)
 Metaspace       used 32308K, committed 32832K, reserved 1081344K
  class space    used 3252K, committed 3520K, reserved 1048576K
}
Event: 21.134 GC heap after
{Heap after GC invocations=10 (full 1):
 PSYoungGen      total 25600K, used 977K [0x00000000eab00000, 0x00000000ec680000, 0x0000000100000000)
  eden space 23040K, 0% used [0x00000000eab00000,0x00000000eab00000,0x00000000ec180000)
  from space 2560K, 38% used [0x00000000ec200000,0x00000000ec2f4610,0x00000000ec480000)
  to   space 1536K, 0% used [0x00000000ec500000,0x00000000ec500000,0x00000000ec680000)
 ParOldGen       total 68608K, used 10031K [0x00000000c0000000, 0x00000000c4300000, 0x00000000eab00000)
  object space 68608K, 14% used [0x00000000c0000000,0x00000000c09cbe10,0x00000000c4300000)
 Metaspace       used 32308K, committed 32832K, reserved 1081344K
  class space    used 3252K, committed 3520K, reserved 1048576K
}
Event: 22.369 GC heap before
{Heap before GC invocations=11 (full 1):
 PSYoungGen      total 25600K, used 24017K [0x00000000eab00000, 0x00000000ec680000, 0x0000000100000000)
  eden space 23040K, 100% used [0x00000000eab00000,0x00000000ec180000,0x00000000ec180000)
  from space 2560K, 38% used [0x00000000ec200000,0x00000000ec2f4610,0x00000000ec480000)
  to   space 1536K, 0% used [0x00000000ec500000,0x00000000ec500000,0x00000000ec680000)
 ParOldGen       total 68608K, used 10031K [0x00000000c0000000, 0x00000000c4300000, 0x00000000eab00000)
  object space 68608K, 14% used [0x00000000c0000000,0x00000000c09cbe10,0x00000000c4300000)
 Metaspace       used 33938K, committed 34432K, reserved 1081344K
  class space    used 3452K, committed 3648K, reserved 1048576K
}
Event: 22.370 GC heap after
{Heap after GC invocations=11 (full 1):
 PSYoungGen      total 24064K, used 1436K [0x00000000eab00000, 0x00000000ec680000, 0x0000000100000000)
  eden space 22528K, 0% used [0x00000000eab00000,0x00000000eab00000,0x00000000ec100000)
  from space 1536K, 93% used [0x00000000ec500000,0x00000000ec6670d8,0x00000000ec680000)
  to   space 1536K, 0% used [0x00000000ec380000,0x00000000ec380000,0x00000000ec500000)
 ParOldGen       total 68608K, used 10300K [0x00000000c0000000, 0x00000000c4300000, 0x00000000eab00000)
  object space 68608K, 15% used [0x00000000c0000000,0x00000000c0a0f1e0,0x00000000c4300000)
 Metaspace       used 33938K, committed 34432K, reserved 1081344K
  class space    used 3452K, committed 3648K, reserved 1048576K
}
Event: 22.836 GC heap before
{Heap before GC invocations=12 (full 1):
 PSYoungGen      total 24064K, used 13736K [0x00000000eab00000, 0x00000000ec680000, 0x0000000100000000)
  eden space 22528K, 54% used [0x00000000eab00000,0x00000000eb703310,0x00000000ec100000)
  from space 1536K, 93% used [0x00000000ec500000,0x00000000ec6670d8,0x00000000ec680000)
  to   space 1536K, 0% used [0x00000000ec380000,0x00000000ec380000,0x00000000ec500000)
 ParOldGen       total 68608K, used 10300K [0x00000000c0000000, 0x00000000c4300000, 0x00000000eab00000)
  object space 68608K, 15% used [0x00000000c0000000,0x00000000c0a0f1e0,0x00000000c4300000)
 Metaspace       used 35317K, committed 35840K, reserved 1081344K
  class space    used 3611K, committed 3840K, reserved 1048576K
}
Event: 22.838 GC heap after
{Heap after GC invocations=12 (full 1):
 PSYoungGen      total 23040K, used 480K [0x00000000eab00000, 0x00000000ec580000, 0x0000000100000000)
  eden space 22528K, 0% used [0x00000000eab00000,0x00000000eab00000,0x00000000ec100000)
  from space 512K, 93% used [0x00000000ec380000,0x00000000ec3f8000,0x00000000ec400000)
  to   space 1024K, 0% used [0x00000000ec480000,0x00000000ec480000,0x00000000ec580000)
 ParOldGen       total 68608K, used 11627K [0x00000000c0000000, 0x00000000c4300000, 0x00000000eab00000)
  object space 68608K, 16% used [0x00000000c0000000,0x00000000c0b5ad58,0x00000000c4300000)
 Metaspace       used 35317K, committed 35840K, reserved 1081344K
  class space    used 3611K, committed 3840K, reserved 1048576K
}
Event: 22.838 GC heap before
{Heap before GC invocations=13 (full 2):
 PSYoungGen      total 23040K, used 480K [0x00000000eab00000, 0x00000000ec580000, 0x0000000100000000)
  eden space 22528K, 0% used [0x00000000eab00000,0x00000000eab00000,0x00000000ec100000)
  from space 512K, 93% used [0x00000000ec380000,0x00000000ec3f8000,0x00000000ec400000)
  to   space 1024K, 0% used [0x00000000ec480000,0x00000000ec480000,0x00000000ec580000)
 ParOldGen       total 68608K, used 11627K [0x00000000c0000000, 0x00000000c4300000, 0x00000000eab00000)
  object space 68608K, 16% used [0x00000000c0000000,0x00000000c0b5ad58,0x00000000c4300000)
 Metaspace       used 35317K, committed 35840K, reserved 1081344K
  class space    used 3611K, committed 3840K, reserved 1048576K
}
Event: 22.858 GC heap after
{Heap after GC invocations=13 (full 2):
 PSYoungGen      total 23040K, used 0K [0x00000000eab00000, 0x00000000ec580000, 0x0000000100000000)
  eden space 22528K, 0% used [0x00000000eab00000,0x00000000eab00000,0x00000000ec100000)
  from space 512K, 0% used [0x00000000ec380000,0x00000000ec380000,0x00000000ec400000)
  to   space 1024K, 0% used [0x00000000ec480000,0x00000000ec480000,0x00000000ec580000)
 ParOldGen       total 68608K, used 11831K [0x00000000c0000000, 0x00000000c4300000, 0x00000000eab00000)
  object space 68608K, 17% used [0x00000000c0000000,0x00000000c0b8deb8,0x00000000c4300000)
 Metaspace       used 35317K, committed 35840K, reserved 1081344K
  class space    used 3611K, committed 3840K, reserved 1048576K
}
Event: 23.484 GC heap before
{Heap before GC invocations=14 (full 2):
 PSYoungGen      total 23040K, used 22528K [0x00000000eab00000, 0x00000000ec580000, 0x0000000100000000)
  eden space 22528K, 100% used [0x00000000eab00000,0x00000000ec100000,0x00000000ec100000)
  from space 512K, 0% used [0x00000000ec380000,0x00000000ec380000,0x00000000ec400000)
  to   space 1024K, 0% used [0x00000000ec480000,0x00000000ec480000,0x00000000ec580000)
 ParOldGen       total 68608K, used 11831K [0x00000000c0000000, 0x00000000c4300000, 0x00000000eab00000)
  object space 68608K, 17% used [0x00000000c0000000,0x00000000c0b8deb8,0x00000000c4300000)
 Metaspace       used 37950K, committed 38528K, reserved 1089536K
  class space    used 3968K, committed 4224K, reserved 1048576K
}
Event: 23.486 GC heap after
{Heap after GC invocations=14 (full 2):
 PSYoungGen      total 23040K, used 1024K [0x00000000eab00000, 0x00000000ec580000, 0x0000000100000000)
  eden space 22016K, 0% used [0x00000000eab00000,0x00000000eab00000,0x00000000ec080000)
  from space 1024K, 100% used [0x00000000ec480000,0x00000000ec580000,0x00000000ec580000)
  to   space 1536K, 0% used [0x00000000ec280000,0x00000000ec280000,0x00000000ec400000)
 ParOldGen       total 68608K, used 11847K [0x00000000c0000000, 0x00000000c4300000, 0x00000000eab00000)
  object space 68608K, 17% used [0x00000000c0000000,0x00000000c0b91eb8,0x00000000c4300000)
 Metaspace       used 37950K, committed 38528K, reserved 1089536K
  class space    used 3968K, committed 4224K, reserved 1048576K
}
Event: 24.217 GC heap before
{Heap before GC invocations=15 (full 2):
 PSYoungGen      total 23040K, used 23040K [0x00000000eab00000, 0x00000000ec580000, 0x0000000100000000)
  eden space 22016K, 100% used [0x00000000eab00000,0x00000000ec080000,0x00000000ec080000)
  from space 1024K, 100% used [0x00000000ec480000,0x00000000ec580000,0x00000000ec580000)
  to   space 1536K, 0% used [0x00000000ec280000,0x00000000ec280000,0x00000000ec400000)
 ParOldGen       total 68608K, used 11847K [0x00000000c0000000, 0x00000000c4300000, 0x00000000eab00000)
  object space 68608K, 17% used [0x00000000c0000000,0x00000000c0b91eb8,0x00000000c4300000)
 Metaspace       used 39676K, committed 40256K, reserved 1089536K
  class space    used 4166K, committed 4416K, reserved 1048576K
}
Event: 24.220 GC heap after
{Heap after GC invocations=15 (full 2):
 PSYoungGen      total 23552K, used 928K [0x00000000eab00000, 0x00000000ec500000, 0x0000000100000000)
  eden space 22016K, 0% used [0x00000000eab00000,0x00000000eab00000,0x00000000ec080000)
  from space 1536K, 60% used [0x00000000ec280000,0x00000000ec368000,0x00000000ec400000)
  to   space 1024K, 0% used [0x00000000ec400000,0x00000000ec400000,0x00000000ec500000)
 ParOldGen       total 68608K, used 12823K [0x00000000c0000000, 0x00000000c4300000, 0x00000000eab00000)
  object space 68608K, 18% used [0x00000000c0000000,0x00000000c0c85ec8,0x00000000c4300000)
 Metaspace       used 39676K, committed 40256K, reserved 1089536K
  class space    used 4166K, committed 4416K, reserved 1048576K
}
Event: 26.739 GC heap before
{Heap before GC invocations=16 (full 2):
 PSYoungGen      total 23552K, used 22944K [0x00000000eab00000, 0x00000000ec500000, 0x0000000100000000)
  eden space 22016K, 100% used [0x00000000eab00000,0x00000000ec080000,0x00000000ec080000)
  from space 1536K, 60% used [0x00000000ec280000,0x00000000ec368000,0x00000000ec400000)
  to   space 1024K, 0% used [0x00000000ec400000,0x00000000ec400000,0x00000000ec500000)
 ParOldGen       total 68608K, used 12823K [0x00000000c0000000, 0x00000000c4300000, 0x00000000eab00000)
  object space 68608K, 18% used [0x00000000c0000000,0x00000000c0c85ec8,0x00000000c4300000)
 Metaspace       used 42842K, committed 43584K, reserved 1089536K
  class space    used 4572K, committed 4864K, reserved 1048576K
}
Event: 26.743 GC heap after
{Heap after GC invocations=16 (full 2):
 PSYoungGen      total 23040K, used 1010K [0x00000000eab00000, 0x00000000ec500000, 0x0000000100000000)
  eden space 22016K, 0% used [0x00000000eab00000,0x00000000eab00000,0x00000000ec080000)
  from space 1024K, 98% used [0x00000000ec400000,0x00000000ec4fc8a0,0x00000000ec500000)
  to   space 2048K, 0% used [0x00000000ec100000,0x00000000ec100000,0x00000000ec300000)
 ParOldGen       total 68608K, used 13688K [0x00000000c0000000, 0x00000000c4300000, 0x00000000eab00000)
  object space 68608K, 19% used [0x00000000c0000000,0x00000000c0d5e2e0,0x00000000c4300000)
 Metaspace       used 42842K, committed 43584K, reserved 1089536K
  class space    used 4572K, committed 4864K, reserved 1048576K
}

